<?xml version="1.0" encoding="UTF-8"?>
<!-- Generated by org.testng.reporters.JUnitXMLReporter -->
<testsuite hostname="Toan0975322500" name="Default test" tests="2" failures="0" timestamp="23 Oct 2016 04:17:41 GMT" time="45.834" errors="0">
  <testcase name="loginWithBlankField" time="20.368" classname="org.webdriver.temp.DemoWithWebDriverAction"/>
  <testcase name="testLoginWithBlankkPassword" time="25.429" classname="org.webdriver.temp.DemoWithWebDriverAction"/>
</testsuite> <!-- Default test -->
